
ROM used:   3358/32768 (10%)
            3358/32768 (10%) including unused fragments

            1.6 Average locations per line
            6.1 Average locations per statement

RAM used:   94/2048 (5%) at main() level
            112/2048 (5%) worst case

Stack used: 8 worst case (7 in main + 1 for interrupts)
Stack size: 31

Lines Stmts  %   Files
----- ----- ---  -----
  247   138  25  door_demo.c
  705   244  44  lib\tv_pickit2_shift_1 - d503.c
  837     0   0  ..\..\..\..\Program Files (x86)\PICC\Devices\18F4550.H
   69    31   6  lib\tv_pickit2_shift_dc_motor.c
   86    62  11  lib\tv_pickit2_shift_ds1307_i2c.c
  100    25   5  lib\TV_PICKIT2_SHIFT_LCD.c
   62    52   9  lib\tv_pickit2_shift_key4x4_138.c
----- -----
 2106   552 Total

Page ROM  %  RAM   Vol Diff  Functions:
---- --- --- ---   --- ----  ----------
0     38   1    1             @delay_ms1
0    102   2    3             @I2C_READ_1
0    108   2    1             @I2C_WRITE_1
0     42   1    0             @const686
0     42   1    3   271  4.3  XUAT_1BYTE
0     30   0    0   152  1.8  SET_UP_PORT_IC_CHOT
0     46   1    0   119  1.7  MO_IC_74573_A_THONG_DL
0     48   1    0   119  1.7  MO_IC_74573_B_THONG_DL
0     44   1    4   231  2.3  XUAT_4LED_7DOAN_4SO
0     66   1    5             @DIV1616
0     44   1    0   172  1.8  XUAT_GLCD_LCD
0     16   0    2    80  2.7  XUAT_LCD20X4
0     38   1    2   226  2.8  XUAT_BUZZER_RELAY
0     10   0    0    29  1.2  BUZZER_ON
0      8   0    0    29  1.2  BUZZER_OFF
0      8   0    0    29  1.2  DC_MOTOR_ENABLE
0     12   0    0    32  1.0  DC_MOTOR_QUAY_THUAN
0     12   0    0    32  1.0  DC_MOTOR_QUAY_NGHICH
0     10   0    0    32  1.0  DC_MOTOR_STOP
0     24   0    1    84  2.3  DC_MOTOR_CONTROL
0     26   0    1   102  2.1  LCD_XUAT_8BIT
0     22   0    1    61  1.6  LCD_COMMAND
0     22   0    1    61  1.6  LCD_DATA
0     72   1    0   245  1.8  SETUP_LCD
0     30   0    0             @const840
0     26   0    3   147  3.7  LCD_GOTO_XY
0     38   1    0   174  1.8  THIET_LAP_THOI_GIAN_HIEN_TAI
0    136   2    0   253  1.4  NAP_THOI_GIAN_HTAI_VAO_DS13B07
0    214   3    0   351  1.9  DOC_THOI_GIAN_TU_REALTIME
0    220   3    1   743  2.9  HIEN_THI_THOI_GIAN_DS13B07
0     30   0    0             @const860
0    130   2    4   656  8.1  KEY_NHAN
0     76   1    2             @MUL88
0     50   1    0   204  4.4  KEY_4X4_DW
0     46   1    1   202  4.4  interrupt_timer1
0    320   5   12   400  6.1  count_guest
0     32   0    5             @MUL1616
0     52   1    1   267  4.1  run_motor
0     64   1    6   201  5.7  check_password
0     30   0    2    93  3.3  delete_all
0     30   0    0   113  3.2  on_alarm
0     50   1    1   139  4.3  print_password
0    592   9    3  2499 11.3  MAIN
0     12   0    0             @const911
0     32   0    2             @PSTRINGC_823
0     12   0    0             @const913
0     22   0    0             @const914
0     12   0    0             @const915
0     22   0    0             @const917
0     22   0    0             @const918
0     22   0    0             @const919
 Inline         0             @cinit1

Program metrics:
    Functions               34
    Statements              552
    Comments                377
    Volume (V)              15630
    Difficulty (D)          102.8
    Effort to implement (E) 1606671
    Time to implement (T)   24 hours, 48 minutes
    Est Delivered Bugs (B)  5
    Cyclomatic Complexity   35
    Maintainability (MI)    49

 Segment     Used  Free
-----------  ----  ----
00000-00002     4  0  
00004-00006     0  4  
00008-00094   142  0  
00096-07FFE  3212  29406  



